java.lang.Exception: Error getting Bloop class path
  bloop.rifle.BloopRifle$.startServer(BloopRifle.scala:51)
  bloop.rifle.BloopServer$.startBloop$1(BloopServer.scala:77)
  bloop.rifle.BloopServer$.ensureBloopRunning(BloopServer.scala:108)
  bloop.rifle.BloopServer$.bsp(BloopServer.scala:156)
  bloop.rifle.BloopServer$.buildServer(BloopServer.scala:186)
  scala.build.bsp.BspImpl.$anonfun$10(BspImpl.scala:424)
  scala.build.compiler.BloopCompiler.<init>(BloopCompiler.scala:15)
  scala.build.bsp.BspImpl.newBloopSession(BspImpl.scala:429)
  scala.build.bsp.BspImpl.run(BspImpl.scala:465)
  scala.cli.commands.bsp.Bsp$.runCommand$$anonfun$1(Bsp.scala:185)
  scala.runtime.function.JProcedure1.apply(JProcedure1.java:15)
  scala.runtime.function.JProcedure1.apply(JProcedure1.java:10)
  scala.build.bsp.BspThreads$.withThreads(BspThreads.scala:23)
  scala.cli.commands.bsp.Bsp$.runCommand(Bsp.scala:174)
  scala.cli.commands.bsp.Bsp$.runCommand(Bsp.scala:76)
  scala.cli.commands.ScalaCommand.run(ScalaCommand.scala:390)
  scala.cli.commands.ScalaCommand.run(ScalaCommand.scala:371)
  caseapp.core.app.CaseApp.main(CaseApp.scala:166)
  scala.cli.commands.ScalaCommand.main(ScalaCommand.scala:356)
  caseapp.core.app.CommandsEntryPoint.main(CommandsEntryPoint.scala:370)
  scala.cli.ScalaCliCommands.main(ScalaCliCommands.scala:125)
  scala.cli.ScalaCli$.main0(ScalaCli.scala:320)
  scala.cli.ScalaCli$.main(ScalaCli.scala:124)
  scala.cli.ScalaCli.main(ScalaCli.scala)
scala.build.errors.FetchingDependenciesError: Error fetching artifacts:
https://repo1.maven.org/maven2/org/scala-sbt/io_2.12/1.10.1/io_2.12-1.10.1.jar: download error: Caught java.net.UnknownHostException (repo1.maven.org) while downloading https://repo1.maven.org/maven2/org/scala-sbt/io_2.12/1.10.1/io_2.12-1.10.1.jar
https://repo1.maven.org/maven2/com/eed3si9n/sjson-new-core_2.12/0.10.1/sjson-new-core_2.12-0.10.1.jar: download error: Caught java.net.UnknownHostException (repo1.maven.org) while downloading https://repo1.maven.org/maven2/com/eed3si9n/sjson-new-core_2.12/0.10.1/sjson-new-core_2.12-0.10.1.jar
https://repo1.maven.org/maven2/org/typelevel/cats-core_2.12/2.1.1/cats-core_2.12-2.1.1.jar: download error: Caught java.net.SocketException (Программа на вашем хост-компьютере разорвала установленное подключение) while downloading https://repo1.maven.org/maven2/org/typelevel/cats-core_2.12/2.1.1/cats-core_2.12-2.1.1.jar
https://repo1.maven.org/maven2/org/scala-sbt/test-agent/1.10.5/test-agent-1.10.5.jar: download error: Caught java.net.UnknownHostException (repo1.maven.org) while downloading https://repo1.maven.org/maven2/org/scala-sbt/test-agent/1.10.5/test-agent-1.10.5.jar
https://repo1.maven.org/maven2/org/scalameta/common_2.12/4.9.9/common_2.12-4.9.9.jar: download error: Caught java.net.SocketException (Программа на вашем хост-компьютере разорвала установленное подключение) while downloading https://repo1.maven.org/maven2/org/scalameta/common_2.12/4.9.9/common_2.12-4.9.9.jar
https://repo1.maven.org/maven2/org/typelevel/macro-compat_2.12/1.1.1/macro-compat_2.12-1.1.1.jar: download error: Caught java.net.UnknownHostException (repo1.maven.org) while downloading https://repo1.maven.org/maven2/org/typelevel/macro-compat_2.12/1.1.1/macro-compat_2.12-1.1.1.jar
https://repo1.maven.org/maven2/io/monix/monix-tail_2.12/3.2.0/monix-tail_2.12-3.2.0.jar: download error: Caught java.net.UnknownHostException (repo1.maven.org) while downloading https://repo1.maven.org/maven2/io/monix/monix-tail_2.12/3.2.0/monix-tail_2.12-3.2.0.jar
https://repo1.maven.org/maven2/org/apache/logging/log4j/log4j-core/2.23.0/log4j-core-2.23.0.jar: download error: Caught java.net.SocketException (Программа на вашем хост-компьютере разорвала установленное подключение) while downloading https://repo1.maven.org/maven2/org/apache/logging/log4j/log4j-core/2.23.0/log4j-core-2.23.0.jar
https://repo1.maven.org/maven2/io/monix/monix-reactive_2.12/3.2.0/monix-reactive_2.12-3.2.0.jar: download error: Caught java.net.UnknownHostException (repo1.maven.org) while downloading https://repo1.maven.org/maven2/io/monix/monix-reactive_2.12/3.2.0/monix-reactive_2.12-3.2.0.jar
https://repo1.maven.org/maven2/org/typelevel/cats-kernel_2.12/2.1.1/cats-kernel_2.12-2.1.1.jar: download error: Caught java.net.UnknownHostException (repo1.maven.org) while downloading https://repo1.maven.org/maven2/org/typelevel/cats-kernel_2.12/2.1.1/cats-kernel_2.12-2.1.1.jar
https://repo1.maven.org/maven2/org/jline/jline-terminal-jni/3.27.1/jline-terminal-jni-3.27.1.jar: download error: Caught java.net.UnknownHostException (repo1.maven.org) while downloading https://repo1.maven.org/maven2/org/jline/jline-terminal-jni/3.27.1/jline-terminal-jni-3.27.1.jar
https://repo1.maven.org/maven2/ch/epfl/scala/bsp4s_2.12/2.1.1/bsp4s_2.12-2.1.1.jar: download error: Caught java.net.UnknownHostException (repo1.maven.org) while downloading https://repo1.maven.org/maven2/ch/epfl/scala/bsp4s_2.12/2.1.1/bsp4s_2.12-2.1.1.jar
https://repo1.maven.org/maven2/org/scala-lang/scala-compiler/2.12.20/scala-compiler-2.12.20.jar: download error: Caught java.net.SocketException (Программа на вашем хост-компьютере разорвала установленное подключение) while downloading https://repo1.maven.org/maven2/org/scala-lang/scala-compiler/2.12.20/scala-compiler-2.12.20.jar
https://repo1.maven.org/maven2/org/scala-sbt/util-control_2.12/1.10.4/util-control_2.12-1.10.4.jar: download error: Caught java.net.UnknownHostException (repo1.maven.org) while downloading https://repo1.maven.org/maven2/org/scala-sbt/util-control_2.12/1.10.4/util-control_2.12-1.10.4.jar
https://repo1.maven.org/maven2/com/github/alexarchambault/case-app_2.12/2.0.6/case-app_2.12-2.0.6.jar: download error: Caught java.net.UnknownHostException (repo1.maven.org) while downloading https://repo1.maven.org/maven2/com/github/alexarchambault/case-app_2.12/2.0.6/case-app_2.12-2.0.6.jar
https://repo1.maven.org/maven2/org/scalaz/scalaz-core_2.12/7.3.8/scalaz-core_2.12-7.3.8.jar: download error: Caught java.net.SocketException (Программа на вашем хост-компьютере разорвала установленное подключение) while downloading https://repo1.maven.org/maven2/org/scalaz/scalaz-core_2.12/7.3.8/scalaz-core_2.12-7.3.8.jar
https://repo1.maven.org/maven2/ch/epfl/scala/bloop-frontend_2.12/2.0.5/bloop-frontend_2.12-2.0.5.jar: download error: Caught java.net.SocketException (Программа на вашем хост-компьютере разорвала установленное подключение) while downloading https://repo1.maven.org/maven2/ch/epfl/scala/bloop-frontend_2.12/2.0.5/bloop-frontend_2.12-2.0.5.jar
https://repo1.maven.org/maven2/net/jpountz/lz4/lz4/1.3.0/lz4-1.3.0.jar: download error: Caught java.net.UnknownHostException (repo1.maven.org) while downloading https://repo1.maven.org/maven2/net/jpountz/lz4/lz4/1.3.0/lz4-1.3.0.jar
https://repo1.maven.org/maven2/ch/epfl/scala/scala-debug-adapter_2.12/4.2.1/scala-debug-adapter_2.12-4.2.1.jar: download error: Caught java.net.UnknownHostException (repo1.maven.org) while downloading https://repo1.maven.org/maven2/ch/epfl/scala/scala-debug-adapter_2.12/4.2.1/scala-debug-adapter_2.12-4.2.1.jar
https://repo1.maven.org/maven2/org/scala-sbt/zinc-persist-core-assembly/1.10.4/zinc-persist-core-assembly-1.10.4.jar: download error: Caught java.net.UnknownHostException (repo1.maven.org) while downloading https://repo1.maven.org/maven2/org/scala-sbt/zinc-persist-core-assembly/1.10.4/zinc-persist-core-assembly-1.10.4.jar
https://repo1.maven.org/maven2/com/eed3si9n/gigahorse-apache-http_2.12/0.7.0/gigahorse-apache-http_2.12-0.7.0.jar: download error: Caught java.net.UnknownHostException (repo1.maven.org) while downloading https://repo1.maven.org/maven2/com/eed3si9n/gigahorse-apache-http_2.12/0.7.0/gigahorse-apache-http_2.12-0.7.0.jar
https://repo1.maven.org/maven2/com/chuusai/shapeless_2.12/2.3.3/shapeless_2.12-2.3.3.jar: download error: Caught java.net.UnknownHostException (repo1.maven.org) while downloading https://repo1.maven.org/maven2/com/chuusai/shapeless_2.12/2.3.3/shapeless_2.12-2.3.3.jar
https://repo1.maven.org/maven2/com/eed3si9n/gigahorse-core_2.12/0.7.0/gigahorse-core_2.12-0.7.0.jar: download error: Caught java.net.UnknownHostException (repo1.maven.org) while downloading https://repo1.maven.org/maven2/com/eed3si9n/gigahorse-core_2.12/0.7.0/gigahorse-core_2.12-0.7.0.jar
https://repo1.maven.org/maven2/org/jline/jline-terminal/3.27.1/jline-terminal-3.27.1.jar: download error: Caught java.net.UnknownHostException (repo1.maven.org) while downloading https://repo1.maven.org/maven2/org/jline/jline-terminal/3.27.1/jline-terminal-3.27.1.jar
https://repo1.maven.org/maven2/com/github/alexarchambault/case-app-util_2.12/2.0.6/case-app-util_2.12-2.0.6.jar: download error: Caught java.net.UnknownHostException (repo1.maven.org) while downloading https://repo1.maven.org/maven2/com/github/alexarchambault/case-app-util_2.12/2.0.6/case-app-util_2.12-2.0.6.jar
https://repo1.maven.org/maven2/io/monix/monix_2.12/3.2.0/monix_2.12-3.2.0.jar: download error: Caught java.net.UnknownHostException (repo1.maven.org) while downloading https://repo1.maven.org/maven2/io/monix/monix_2.12/3.2.0/monix_2.12-3.2.0.jar
https://repo1.maven.org/maven2/com/eed3si9n/sjson-new-murmurhash_2.12/0.10.1/sjson-new-murmurhash_2.12-0.10.1.jar: download error: Caught java.net.UnknownHostException (repo1.maven.org) while downloading https://repo1.maven.org/maven2/com/eed3si9n/sjson-new-murmurhash_2.12/0.10.1/sjson-new-murmurhash_2.12-0.10.1.jar
https://repo1.maven.org/maven2/com/github/alexarchambault/case-app-annotations_2.12/2.0.6/case-app-annotations_2.12-2.0.6.jar: download error: Caught java.net.UnknownHostException (repo1.maven.org) while downloading https://repo1.maven.org/maven2/com/github/alexarchambault/case-app-annotations_2.12/2.0.6/case-app-annotations_2.12-2.0.6.jar
https://repo1.maven.org/maven2/ch/epfl/scala/directory-watcher/0.8.0+6-f651bd93/directory-watcher-0.8.0+6-f651bd93.jar: download error: Caught java.net.UnknownHostException (repo1.maven.org) while downloading https://repo1.maven.org/maven2/ch/epfl/scala/directory-watcher/0.8.0+6-f651bd93/directory-watcher-0.8.0+6-f651bd93.jar
https://repo1.maven.org/maven2/com/lihaoyi/unroll-annotation_2.12/0.1.12/unroll-annotation_2.12-0.1.12.jar: download error: Caught java.net.UnknownHostException (repo1.maven.org) while downloading https://repo1.maven.org/maven2/com/lihaoyi/unroll-annotation_2.12/0.1.12/unroll-annotation_2.12-0.1.12.jar
https://repo1.maven.org/maven2/org/scala-sbt/zinc-apiinfo_2.12/1.10.4/zinc-apiinfo_2.12-1.10.4.jar: download error: Caught java.net.UnknownHostException (repo1.maven.org) while downloading https://repo1.maven.org/maven2/org/scala-sbt/zinc-apiinfo_2.12/1.10.4/zinc-apiinfo_2.12-1.10.4.jar
https://repo1.maven.org/maven2/com/eed3si9n/shaded-jawn-parser_2.12/1.3.2/shaded-jawn-parser_2.12-1.3.2.jar: download error: Caught java.net.UnknownHostException (repo1.maven.org) while downloading https://repo1.maven.org/maven2/com/eed3si9n/shaded-jawn-parser_2.12/1.3.2/shaded-jawn-parser_2.12-1.3.2.jar
https://repo1.maven.org/maven2/com/eed3si9n/shaded-apache-httpasyncclient/0.7.0/shaded-apache-httpasyncclient-0.7.0.jar: download error: Caught java.net.UnknownHostException (repo1.maven.org) while downloading https://repo1.maven.org/maven2/com/eed3si9n/shaded-apache-httpasyncclient/0.7.0/shaded-apache-httpasyncclient-0.7.0.jar
https://repo1.maven.org/maven2/com/google/errorprone/error_prone_annotations/2.27.0/error_prone_annotations-2.27.0.jar: download error: Caught java.net.UnknownHostException (repo1.maven.org) while downloading https://repo1.maven.org/maven2/com/google/errorprone/error_prone_annotations/2.27.0/error_prone_annotations-2.27.0.jar
https://repo1.maven.org/maven2/io/zipkin/brave/brave/5.18.1/brave-5.18.1.jar: download error: Caught java.net.UnknownHostException (repo1.maven.org) while downloading https://repo1.maven.org/maven2/io/zipkin/brave/brave/5.18.1/brave-5.18.1.jar
https://repo1.maven.org/maven2/com/lmax/disruptor/3.4.2/disruptor-3.4.2.jar: download error: Caught java.net.UnknownHostException (repo1.maven.org) while downloading https://repo1.maven.org/maven2/com/lmax/disruptor/3.4.2/disruptor-3.4.2.jar
https://repo1.maven.org/maven2/org/scala-sbt/zinc-core_2.12/1.10.4/zinc-core_2.12-1.10.4.jar: download error: Caught java.net.UnknownHostException (repo1.maven.org) while downloading https://repo1.maven.org/maven2/org/scala-sbt/zinc-core_2.12/1.10.4/zinc-core_2.12-1.10.4.jar
https://repo1.maven.org/maven2/com/outr/moduload_2.12/1.1.5/moduload_2.12-1.1.5.jar: download error: Caught java.net.UnknownHostException (repo1.maven.org) while downloading https://repo1.maven.org/maven2/com/outr/moduload_2.12/1.1.5/moduload_2.12-1.1.5.jar
https://repo1.maven.org/maven2/org/scalameta/trees_2.12/4.9.9/trees_2.12-4.9.9.jar: download error: Caught java.net.UnknownHostException (repo1.maven.org) while downloading https://repo1.maven.org/maven2/org/scalameta/trees_2.12/4.9.9/trees_2.12-4.9.9.jar
https://repo1.maven.org/maven2/io/github/alexarchambault/bleep/nailgun-server/1.0.7/nailgun-server-1.0.7.jar: download error: Caught java.net.UnknownHostException (repo1.maven.org) while downloading https://repo1.maven.org/maven2/io/github/alexarchambault/bleep/nailgun-server/1.0.7/nailgun-server-1.0.7.jar
https://repo1.maven.org/maven2/org/typelevel/cats-effect_2.12/2.1.3/cats-effect_2.12-2.1.3.jar: download error: Caught java.net.UnknownHostException (repo1.maven.org) while downloading https://repo1.maven.org/maven2/org/typelevel/cats-effect_2.12/2.1.3/cats-effect_2.12-2.1.3.jar
https://repo1.maven.org/maven2/org/scala-lang/scala-reflect/2.12.20/scala-reflect-2.12.20.jar: download error: Caught java.net.UnknownHostException (repo1.maven.org) while downloading https://repo1.maven.org/maven2/org/scala-lang/scala-reflect/2.12.20/scala-reflect-2.12.20.jar
https://repo1.maven.org/maven2/ch/epfl/scala/bloop-config_2.12/2.1.0/bloop-config_2.12-2.1.0.jar: download error: Caught java.net.UnknownHostException (repo1.maven.org) while downloading https://repo1.maven.org/maven2/ch/epfl/scala/bloop-config_2.12/2.1.0/bloop-config_2.12-2.1.0.jar
https://repo1.maven.org/maven2/com/typesafe/ssl-config-core_2.12/0.6.1/ssl-config-core_2.12-0.6.1.jar: download error: Caught java.net.UnknownHostException (repo1.maven.org) while downloading https://repo1.maven.org/maven2/com/typesafe/ssl-config-core_2.12/0.6.1/ssl-config-core_2.12-0.6.1.jar
https://repo1.maven.org/maven2/io/monix/implicitbox_2.12/0.2.0/implicitbox_2.12-0.2.0.jar: download error: Caught java.net.UnknownHostException (repo1.maven.org) while downloading https://repo1.maven.org/maven2/io/monix/implicitbox_2.12/0.2.0/implicitbox_2.12-0.2.0.jar
https://repo1.maven.org/maven2/org/scala-lang/scala-library/2.12.20/scala-library-2.12.20.jar: download error: Caught java.net.UnknownHostException (repo1.maven.org) while downloading https://repo1.maven.org/maven2/org/scala-lang/scala-library/2.12.20/scala-library-2.12.20.jar
https://repo1.maven.org/maven2/org/scala-sbt/librarymanagement-core_2.12/1.10.2/librarymanagement-core_2.12-1.10.2.jar: download error: Caught java.net.UnknownHostException (repo1.maven.org) while downloading https://repo1.maven.org/maven2/org/scala-sbt/librarymanagement-core_2.12/1.10.2/librarymanagement-core_2.12-1.10.2.jar
https://repo1.maven.org/maven2/org/scala-sbt/zinc-compile-core_2.12/1.10.4/zinc-compile-core_2.12-1.10.4.jar: download error: Caught java.net.UnknownHostException (repo1.maven.org) while downloading https://repo1.maven.org/maven2/org/scala-sbt/zinc-compile-core_2.12/1.10.4/zinc-compile-core_2.12-1.10.4.jar
https://repo1.maven.org/maven2/ch/epfl/scala/bloop-backend_2.12/2.0.5/bloop-backend_2.12-2.0.5.jar: download error: Caught java.net.UnknownHostException (repo1.maven.org) while downloading https://repo1.maven.org/maven2/ch/epfl/scala/bloop-backend_2.12/2.0.5/bloop-backend_2.12-2.0.5.jar
https://repo1.maven.org/maven2/org/scala-sbt/ivy/ivy/2.3.0-sbt-396a783bba347016e7fe30dacc60d355be607fe2/ivy-2.3.0-sbt-396a783bba347016e7fe30dacc60d355be607fe2.jar: download error: Caught java.net.UnknownHostException (repo1.maven.org) while downloading https://repo1.maven.org/maven2/org/scala-sbt/ivy/ivy/2.3.0-sbt-396a783bba347016e7fe30dacc60d355be607fe2/ivy-2.3.0-sbt-396a783bba347016e7fe30dacc60d355be607fe2.jar
https://repo1.maven.org/maven2/io/zipkin/reporter2/zipkin-sender-urlconnection/2.17.2/zipkin-sender-urlconnection-2.17.2.jar: download error: Caught java.net.UnknownHostException (repo1.maven.org) while downloading https://repo1.maven.org/maven2/io/zipkin/reporter2/zipkin-sender-urlconnection/2.17.2/zipkin-sender-urlconnection-2.17.2.jar
https://repo1.maven.org/maven2/org/scala-sbt/launcher-interface/1.4.4/launcher-interface-1.4.4.jar: download error: Caught java.net.UnknownHostException (repo1.maven.org) while downloading https://repo1.maven.org/maven2/org/scala-sbt/launcher-interface/1.4.4/launcher-interface-1.4.4.jar
https://repo1.maven.org/maven2/net/java/dev/jna/jna-platform/4.4.0/jna-platform-4.4.0.jar: download error: Caught java.net.UnknownHostException (repo1.maven.org) while downloading https://repo1.maven.org/maven2/net/java/dev/jna/jna-platform/4.4.0/jna-platform-4.4.0.jar
https://repo1.maven.org/maven2/org/jline/jline-native/3.27.1/jline-native-3.27.1.jar: download error: Caught java.net.UnknownHostException (repo1.maven.org) while downloading https://repo1.maven.org/maven2/org/jline/jline-native/3.27.1/jline-native-3.27.1.jar
https://repo1.maven.org/maven2/io/monix/monix-catnap_2.12/3.2.0/monix-catnap_2.12-3.2.0.jar: download error: Caught java.net.UnknownHostException (repo1.maven.org) while downloading https://repo1.maven.org/maven2/io/monix/monix-catnap_2.12/3.2.0/monix-catnap_2.12-3.2.0.jar
https://repo1.maven.org/maven2/io/monix/monix-java_2.12/3.2.0/monix-java_2.12-3.2.0.jar: download error: Caught java.net.UnknownHostException (repo1.maven.org) while downloading https://repo1.maven.org/maven2/io/monix/monix-java_2.12/3.2.0/monix-java_2.12-3.2.0.jar
https://repo1.maven.org/maven2/org/scala-sbt/sbinary_2.12/0.5.1/sbinary_2.12-0.5.1.jar: download error: Caught java.net.UnknownHostException (repo1.maven.org) while downloading https://repo1.maven.org/maven2/org/scala-sbt/sbinary_2.12/0.5.1/sbinary_2.12-0.5.1.jar
https://repo1.maven.org/maven2/org/scala-sbt/collections_2.12/1.10.4/collections_2.12-1.10.4.jar: download error: Caught java.net.UnknownHostException (repo1.maven.org) while downloading https://repo1.maven.org/maven2/org/scala-sbt/collections_2.12/1.10.4/collections_2.12-1.10.4.jar
https://repo1.maven.org/maven2/io/monix/monix-execution_2.12/3.2.0/monix-execution_2.12-3.2.0.jar: download error: Caught java.net.UnknownHostException (repo1.maven.org) while downloading https://repo1.maven.org/maven2/io/monix/monix-execution_2.12/3.2.0/monix-execution_2.12-3.2.0.jar
https://repo1.maven.org/maven2/org/scala-lang/modules/scala-xml_2.12/2.3.0/scala-xml_2.12-2.3.0.jar: download error: Caught java.net.UnknownHostException (repo1.maven.org) while downloading https://repo1.maven.org/maven2/org/scala-lang/modules/scala-xml_2.12/2.3.0/scala-xml_2.12-2.3.0.jar
https://repo1.maven.org/maven2/io/get-coursier/interface/1.0.22/interface-1.0.22.jar: download error: Caught java.net.UnknownHostException (repo1.maven.org) while downloading https://repo1.maven.org/maven2/io/get-coursier/interface/1.0.22/interface-1.0.22.jar
https://repo1.maven.org/maven2/com/lihaoyi/pprint_2.12/0.9.0/pprint_2.12-0.9.0.jar: download error: Caught java.net.UnknownHostException (repo1.maven.org) while downloading https://repo1.maven.org/maven2/com/lihaoyi/pprint_2.12/0.9.0/pprint_2.12-0.9.0.jar
https://repo1.maven.org/maven2/org/scala-sbt/compiler-bridge_2.12/1.10.4/compiler-bridge_2.12-1.10.4.jar: download error: Caught java.net.UnknownHostException (repo1.maven.org) while downloading https://repo1.maven.org/maven2/org/scala-sbt/compiler-bridge_2.12/1.10.4/compiler-bridge_2.12-1.10.4.jar
https://repo1.maven.org/maven2/org/scala-lang/modules/scala-collection-compat_2.12/2.12.0/scala-collection-compat_2.12-2.12.0.jar: download error: Caught java.net.UnknownHostException (repo1.maven.org) while downloading https://repo1.maven.org/maven2/org/scala-lang/modules/scala-collection-compat_2.12/2.12.0/scala-collection-compat_2.12-2.12.0.jar
https://repo1.maven.org/maven2/org/ow2/asm/asm-tree/9.7.1/asm-tree-9.7.1.jar: download error: Caught java.net.UnknownHostException (repo1.maven.org) while downloading https://repo1.maven.org/maven2/org/ow2/asm/asm-tree/9.7.1/asm-tree-9.7.1.jar
https://repo1.maven.org/maven2/ch/qos/logback/logback-core/1.5.12/logback-core-1.5.12.jar: download error: Caught java.net.UnknownHostException (repo1.maven.org) while downloading https://repo1.maven.org/maven2/ch/qos/logback/logback-core/1.5.12/logback-core-1.5.12.jar

  scala.build.Artifacts$.fetchCsDependencies$$anonfun$1$$anonfun$2(Artifacts.scala:700)
  scala.util.Either$LeftProjection.map(Either.scala:622)
  scala.build.Artifacts$.fetchCsDependencies$$anonfun$1(Artifacts.scala:693)
  scala.build.EitherCps$Helper.apply(EitherCps.scala:19)
  scala.build.Artifacts$.fetchCsDependencies(Artifacts.scala:673)
  scala.build.Artifacts$.fetchAnyDependenciesWithResult$$anonfun$1(Artifacts.scala:592)
  scala.build.EitherCps$Helper.apply(EitherCps.scala:19)
  scala.build.Artifacts$.fetchAnyDependenciesWithResult(Artifacts.scala:571)
  scala.build.Artifacts$.fetchAnyDependencies$$anonfun$1(Artifacts.scala:557)
  scala.build.EitherCps$Helper.apply(EitherCps.scala:19)
  scala.build.Artifacts$.fetchAnyDependencies(Artifacts.scala:548)
  scala.build.Artifacts$.artifacts$$anonfun$1(Artifacts.scala:488)
  scala.build.EitherCps$Helper.apply(EitherCps.scala:19)
  scala.build.Artifacts$.artifacts(Artifacts.scala:486)
  scala.build.Bloop$.bloopClassPath$$anonfun$1(Bloop.scala:74)
  scala.build.EitherCps$Helper.apply(EitherCps.scala:19)
  scala.build.Bloop$.bloopClassPath(Bloop.scala:72)
  scala.build.Bloop$.bloopClassPath$$anonfun$2(Bloop.scala:105)
  scala.build.EitherCps$Helper.apply(EitherCps.scala:19)
  scala.build.Bloop$.bloopClassPath(Bloop.scala:95)
  scala.cli.commands.shared.SharedCompilationServerOptions.$anonfun$13(SharedCompilationServerOptions.scala:265)
  bloop.rifle.BloopRifle$.startServer(BloopRifle.scala:50)
  bloop.rifle.BloopServer$.startBloop$1(BloopServer.scala:77)
  bloop.rifle.BloopServer$.ensureBloopRunning(BloopServer.scala:108)
  bloop.rifle.BloopServer$.bsp(BloopServer.scala:156)
  bloop.rifle.BloopServer$.buildServer(BloopServer.scala:186)
  scala.build.bsp.BspImpl.$anonfun$10(BspImpl.scala:424)
  scala.build.compiler.BloopCompiler.<init>(BloopCompiler.scala:15)
  scala.build.bsp.BspImpl.newBloopSession(BspImpl.scala:429)
  scala.build.bsp.BspImpl.run(BspImpl.scala:465)
  scala.cli.commands.bsp.Bsp$.runCommand$$anonfun$1(Bsp.scala:185)
  scala.runtime.function.JProcedure1.apply(JProcedure1.java:15)
  scala.runtime.function.JProcedure1.apply(JProcedure1.java:10)
  scala.build.bsp.BspThreads$.withThreads(BspThreads.scala:23)
  scala.cli.commands.bsp.Bsp$.runCommand(Bsp.scala:174)
  scala.cli.commands.bsp.Bsp$.runCommand(Bsp.scala:76)
  scala.cli.commands.ScalaCommand.run(ScalaCommand.scala:390)
  scala.cli.commands.ScalaCommand.run(ScalaCommand.scala:371)
  caseapp.core.app.CaseApp.main(CaseApp.scala:166)
  scala.cli.commands.ScalaCommand.main(ScalaCommand.scala:356)
  caseapp.core.app.CommandsEntryPoint.main(CommandsEntryPoint.scala:370)
  scala.cli.ScalaCliCommands.main(ScalaCliCommands.scala:125)
  scala.cli.ScalaCli$.main0(ScalaCli.scala:320)
  scala.cli.ScalaCli$.main(ScalaCli.scala:124)
  scala.cli.ScalaCli.main(ScalaCli.scala)
coursier.error.FetchError$DownloadingArtifacts: Error fetching artifacts:
https://repo1.maven.org/maven2/org/scala-sbt/io_2.12/1.10.1/io_2.12-1.10.1.jar: download error: Caught java.net.UnknownHostException (repo1.maven.org) while downloading https://repo1.maven.org/maven2/org/scala-sbt/io_2.12/1.10.1/io_2.12-1.10.1.jar
https://repo1.maven.org/maven2/com/eed3si9n/sjson-new-core_2.12/0.10.1/sjson-new-core_2.12-0.10.1.jar: download error: Caught java.net.UnknownHostException (repo1.maven.org) while downloading https://repo1.maven.org/maven2/com/eed3si9n/sjson-new-core_2.12/0.10.1/sjson-new-core_2.12-0.10.1.jar
https://repo1.maven.org/maven2/org/typelevel/cats-core_2.12/2.1.1/cats-core_2.12-2.1.1.jar: download error: Caught java.net.SocketException (Программа на вашем хост-компьютере разорвала установленное подключение) while downloading https://repo1.maven.org/maven2/org/typelevel/cats-core_2.12/2.1.1/cats-core_2.12-2.1.1.jar
https://repo1.maven.org/maven2/org/scala-sbt/test-agent/1.10.5/test-agent-1.10.5.jar: download error: Caught java.net.UnknownHostException (repo1.maven.org) while downloading https://repo1.maven.org/maven2/org/scala-sbt/test-agent/1.10.5/test-agent-1.10.5.jar
https://repo1.maven.org/maven2/org/scalameta/common_2.12/4.9.9/common_2.12-4.9.9.jar: download error: Caught java.net.SocketException (Программа на вашем хост-компьютере разорвала установленное подключение) while downloading https://repo1.maven.org/maven2/org/scalameta/common_2.12/4.9.9/common_2.12-4.9.9.jar
https://repo1.maven.org/maven2/org/typelevel/macro-compat_2.12/1.1.1/macro-compat_2.12-1.1.1.jar: download error: Caught java.net.UnknownHostException (repo1.maven.org) while downloading https://repo1.maven.org/maven2/org/typelevel/macro-compat_2.12/1.1.1/macro-compat_2.12-1.1.1.jar
https://repo1.maven.org/maven2/io/monix/monix-tail_2.12/3.2.0/monix-tail_2.12-3.2.0.jar: download error: Caught java.net.UnknownHostException (repo1.maven.org) while downloading https://repo1.maven.org/maven2/io/monix/monix-tail_2.12/3.2.0/monix-tail_2.12-3.2.0.jar
https://repo1.maven.org/maven2/org/apache/logging/log4j/log4j-core/2.23.0/log4j-core-2.23.0.jar: download error: Caught java.net.SocketException (Программа на вашем хост-компьютере разорвала установленное подключение) while downloading https://repo1.maven.org/maven2/org/apache/logging/log4j/log4j-core/2.23.0/log4j-core-2.23.0.jar
https://repo1.maven.org/maven2/io/monix/monix-reactive_2.12/3.2.0/monix-reactive_2.12-3.2.0.jar: download error: Caught java.net.UnknownHostException (repo1.maven.org) while downloading https://repo1.maven.org/maven2/io/monix/monix-reactive_2.12/3.2.0/monix-reactive_2.12-3.2.0.jar
https://repo1.maven.org/maven2/org/typelevel/cats-kernel_2.12/2.1.1/cats-kernel_2.12-2.1.1.jar: download error: Caught java.net.UnknownHostException (repo1.maven.org) while downloading https://repo1.maven.org/maven2/org/typelevel/cats-kernel_2.12/2.1.1/cats-kernel_2.12-2.1.1.jar
https://repo1.maven.org/maven2/org/jline/jline-terminal-jni/3.27.1/jline-terminal-jni-3.27.1.jar: download error: Caught java.net.UnknownHostException (repo1.maven.org) while downloading https://repo1.maven.org/maven2/org/jline/jline-terminal-jni/3.27.1/jline-terminal-jni-3.27.1.jar
https://repo1.maven.org/maven2/ch/epfl/scala/bsp4s_2.12/2.1.1/bsp4s_2.12-2.1.1.jar: download error: Caught java.net.UnknownHostException (repo1.maven.org) while downloading https://repo1.maven.org/maven2/ch/epfl/scala/bsp4s_2.12/2.1.1/bsp4s_2.12-2.1.1.jar
https://repo1.maven.org/maven2/org/scala-lang/scala-compiler/2.12.20/scala-compiler-2.12.20.jar: download error: Caught java.net.SocketException (Программа на вашем хост-компьютере разорвала установленное подключение) while downloading https://repo1.maven.org/maven2/org/scala-lang/scala-compiler/2.12.20/scala-compiler-2.12.20.jar
https://repo1.maven.org/maven2/org/scala-sbt/util-control_2.12/1.10.4/util-control_2.12-1.10.4.jar: download error: Caught java.net.UnknownHostException (repo1.maven.org) while downloading https://repo1.maven.org/maven2/org/scala-sbt/util-control_2.12/1.10.4/util-control_2.12-1.10.4.jar
https://repo1.maven.org/maven2/com/github/alexarchambault/case-app_2.12/2.0.6/case-app_2.12-2.0.6.jar: download error: Caught java.net.UnknownHostException (repo1.maven.org) while downloading https://repo1.maven.org/maven2/com/github/alexarchambault/case-app_2.12/2.0.6/case-app_2.12-2.0.6.jar
https://repo1.maven.org/maven2/org/scalaz/scalaz-core_2.12/7.3.8/scalaz-core_2.12-7.3.8.jar: download error: Caught java.net.SocketException (Программа на вашем хост-компьютере разорвала установленное подключение) while downloading https://repo1.maven.org/maven2/org/scalaz/scalaz-core_2.12/7.3.8/scalaz-core_2.12-7.3.8.jar
https://repo1.maven.org/maven2/ch/epfl/scala/bloop-frontend_2.12/2.0.5/bloop-frontend_2.12-2.0.5.jar: download error: Caught java.net.SocketException (Программа на вашем хост-компьютере разорвала установленное подключение) while downloading https://repo1.maven.org/maven2/ch/epfl/scala/bloop-frontend_2.12/2.0.5/bloop-frontend_2.12-2.0.5.jar
https://repo1.maven.org/maven2/net/jpountz/lz4/lz4/1.3.0/lz4-1.3.0.jar: download error: Caught java.net.UnknownHostException (repo1.maven.org) while downloading https://repo1.maven.org/maven2/net/jpountz/lz4/lz4/1.3.0/lz4-1.3.0.jar
https://repo1.maven.org/maven2/ch/epfl/scala/scala-debug-adapter_2.12/4.2.1/scala-debug-adapter_2.12-4.2.1.jar: download error: Caught java.net.UnknownHostException (repo1.maven.org) while downloading https://repo1.maven.org/maven2/ch/epfl/scala/scala-debug-adapter_2.12/4.2.1/scala-debug-adapter_2.12-4.2.1.jar
https://repo1.maven.org/maven2/org/scala-sbt/zinc-persist-core-assembly/1.10.4/zinc-persist-core-assembly-1.10.4.jar: download error: Caught java.net.UnknownHostException (repo1.maven.org) while downloading https://repo1.maven.org/maven2/org/scala-sbt/zinc-persist-core-assembly/1.10.4/zinc-persist-core-assembly-1.10.4.jar
https://repo1.maven.org/maven2/com/eed3si9n/gigahorse-apache-http_2.12/0.7.0/gigahorse-apache-http_2.12-0.7.0.jar: download error: Caught java.net.UnknownHostException (repo1.maven.org) while downloading https://repo1.maven.org/maven2/com/eed3si9n/gigahorse-apache-http_2.12/0.7.0/gigahorse-apache-http_2.12-0.7.0.jar
https://repo1.maven.org/maven2/com/chuusai/shapeless_2.12/2.3.3/shapeless_2.12-2.3.3.jar: download error: Caught java.net.UnknownHostException (repo1.maven.org) while downloading https://repo1.maven.org/maven2/com/chuusai/shapeless_2.12/2.3.3/shapeless_2.12-2.3.3.jar
https://repo1.maven.org/maven2/com/eed3si9n/gigahorse-core_2.12/0.7.0/gigahorse-core_2.12-0.7.0.jar: download error: Caught java.net.UnknownHostException (repo1.maven.org) while downloading https://repo1.maven.org/maven2/com/eed3si9n/gigahorse-core_2.12/0.7.0/gigahorse-core_2.12-0.7.0.jar
https://repo1.maven.org/maven2/org/jline/jline-terminal/3.27.1/jline-terminal-3.27.1.jar: download error: Caught java.net.UnknownHostException (repo1.maven.org) while downloading https://repo1.maven.org/maven2/org/jline/jline-terminal/3.27.1/jline-terminal-3.27.1.jar
https://repo1.maven.org/maven2/com/github/alexarchambault/case-app-util_2.12/2.0.6/case-app-util_2.12-2.0.6.jar: download error: Caught java.net.UnknownHostException (repo1.maven.org) while downloading https://repo1.maven.org/maven2/com/github/alexarchambault/case-app-util_2.12/2.0.6/case-app-util_2.12-2.0.6.jar
https://repo1.maven.org/maven2/io/monix/monix_2.12/3.2.0/monix_2.12-3.2.0.jar: download error: Caught java.net.UnknownHostException (repo1.maven.org) while downloading https://repo1.maven.org/maven2/io/monix/monix_2.12/3.2.0/monix_2.12-3.2.0.jar
https://repo1.maven.org/maven2/com/eed3si9n/sjson-new-murmurhash_2.12/0.10.1/sjson-new-murmurhash_2.12-0.10.1.jar: download error: Caught java.net.UnknownHostException (repo1.maven.org) while downloading https://repo1.maven.org/maven2/com/eed3si9n/sjson-new-murmurhash_2.12/0.10.1/sjson-new-murmurhash_2.12-0.10.1.jar
https://repo1.maven.org/maven2/com/github/alexarchambault/case-app-annotations_2.12/2.0.6/case-app-annotations_2.12-2.0.6.jar: download error: Caught java.net.UnknownHostException (repo1.maven.org) while downloading https://repo1.maven.org/maven2/com/github/alexarchambault/case-app-annotations_2.12/2.0.6/case-app-annotations_2.12-2.0.6.jar
https://repo1.maven.org/maven2/ch/epfl/scala/directory-watcher/0.8.0+6-f651bd93/directory-watcher-0.8.0+6-f651bd93.jar: download error: Caught java.net.UnknownHostException (repo1.maven.org) while downloading https://repo1.maven.org/maven2/ch/epfl/scala/directory-watcher/0.8.0+6-f651bd93/directory-watcher-0.8.0+6-f651bd93.jar
https://repo1.maven.org/maven2/com/lihaoyi/unroll-annotation_2.12/0.1.12/unroll-annotation_2.12-0.1.12.jar: download error: Caught java.net.UnknownHostException (repo1.maven.org) while downloading https://repo1.maven.org/maven2/com/lihaoyi/unroll-annotation_2.12/0.1.12/unroll-annotation_2.12-0.1.12.jar
https://repo1.maven.org/maven2/org/scala-sbt/zinc-apiinfo_2.12/1.10.4/zinc-apiinfo_2.12-1.10.4.jar: download error: Caught java.net.UnknownHostException (repo1.maven.org) while downloading https://repo1.maven.org/maven2/org/scala-sbt/zinc-apiinfo_2.12/1.10.4/zinc-apiinfo_2.12-1.10.4.jar
https://repo1.maven.org/maven2/com/eed3si9n/shaded-jawn-parser_2.12/1.3.2/shaded-jawn-parser_2.12-1.3.2.jar: download error: Caught java.net.UnknownHostException (repo1.maven.org) while downloading https://repo1.maven.org/maven2/com/eed3si9n/shaded-jawn-parser_2.12/1.3.2/shaded-jawn-parser_2.12-1.3.2.jar
https://repo1.maven.org/maven2/com/eed3si9n/shaded-apache-httpasyncclient/0.7.0/shaded-apache-httpasyncclient-0.7.0.jar: download error: Caught java.net.UnknownHostException (repo1.maven.org) while downloading https://repo1.maven.org/maven2/com/eed3si9n/shaded-apache-httpasyncclient/0.7.0/shaded-apache-httpasyncclient-0.7.0.jar
https://repo1.maven.org/maven2/com/google/errorprone/error_prone_annotations/2.27.0/error_prone_annotations-2.27.0.jar: download error: Caught java.net.UnknownHostException (repo1.maven.org) while downloading https://repo1.maven.org/maven2/com/google/errorprone/error_prone_annotations/2.27.0/error_prone_annotations-2.27.0.jar
https://repo1.maven.org/maven2/io/zipkin/brave/brave/5.18.1/brave-5.18.1.jar: download error: Caught java.net.UnknownHostException (repo1.maven.org) while downloading https://repo1.maven.org/maven2/io/zipkin/brave/brave/5.18.1/brave-5.18.1.jar
https://repo1.maven.org/maven2/com/lmax/disruptor/3.4.2/disruptor-3.4.2.jar: download error: Caught java.net.UnknownHostException (repo1.maven.org) while downloading https://repo1.maven.org/maven2/com/lmax/disruptor/3.4.2/disruptor-3.4.2.jar
https://repo1.maven.org/maven2/org/scala-sbt/zinc-core_2.12/1.10.4/zinc-core_2.12-1.10.4.jar: download error: Caught java.net.UnknownHostException (repo1.maven.org) while downloading https://repo1.maven.org/maven2/org/scala-sbt/zinc-core_2.12/1.10.4/zinc-core_2.12-1.10.4.jar
https://repo1.maven.org/maven2/com/outr/moduload_2.12/1.1.5/moduload_2.12-1.1.5.jar: download error: Caught java.net.UnknownHostException (repo1.maven.org) while downloading https://repo1.maven.org/maven2/com/outr/moduload_2.12/1.1.5/moduload_2.12-1.1.5.jar
https://repo1.maven.org/maven2/org/scalameta/trees_2.12/4.9.9/trees_2.12-4.9.9.jar: download error: Caught java.net.UnknownHostException (repo1.maven.org) while downloading https://repo1.maven.org/maven2/org/scalameta/trees_2.12/4.9.9/trees_2.12-4.9.9.jar
https://repo1.maven.org/maven2/io/github/alexarchambault/bleep/nailgun-server/1.0.7/nailgun-server-1.0.7.jar: download error: Caught java.net.UnknownHostException (repo1.maven.org) while downloading https://repo1.maven.org/maven2/io/github/alexarchambault/bleep/nailgun-server/1.0.7/nailgun-server-1.0.7.jar
https://repo1.maven.org/maven2/org/typelevel/cats-effect_2.12/2.1.3/cats-effect_2.12-2.1.3.jar: download error: Caught java.net.UnknownHostException (repo1.maven.org) while downloading https://repo1.maven.org/maven2/org/typelevel/cats-effect_2.12/2.1.3/cats-effect_2.12-2.1.3.jar
https://repo1.maven.org/maven2/org/scala-lang/scala-reflect/2.12.20/scala-reflect-2.12.20.jar: download error: Caught java.net.UnknownHostException (repo1.maven.org) while downloading https://repo1.maven.org/maven2/org/scala-lang/scala-reflect/2.12.20/scala-reflect-2.12.20.jar
https://repo1.maven.org/maven2/ch/epfl/scala/bloop-config_2.12/2.1.0/bloop-config_2.12-2.1.0.jar: download error: Caught java.net.UnknownHostException (repo1.maven.org) while downloading https://repo1.maven.org/maven2/ch/epfl/scala/bloop-config_2.12/2.1.0/bloop-config_2.12-2.1.0.jar
https://repo1.maven.org/maven2/com/typesafe/ssl-config-core_2.12/0.6.1/ssl-config-core_2.12-0.6.1.jar: download error: Caught java.net.UnknownHostException (repo1.maven.org) while downloading https://repo1.maven.org/maven2/com/typesafe/ssl-config-core_2.12/0.6.1/ssl-config-core_2.12-0.6.1.jar
https://repo1.maven.org/maven2/io/monix/implicitbox_2.12/0.2.0/implicitbox_2.12-0.2.0.jar: download error: Caught java.net.UnknownHostException (repo1.maven.org) while downloading https://repo1.maven.org/maven2/io/monix/implicitbox_2.12/0.2.0/implicitbox_2.12-0.2.0.jar
https://repo1.maven.org/maven2/org/scala-lang/scala-library/2.12.20/scala-library-2.12.20.jar: download error: Caught java.net.UnknownHostException (repo1.maven.org) while downloading https://repo1.maven.org/maven2/org/scala-lang/scala-library/2.12.20/scala-library-2.12.20.jar
https://repo1.maven.org/maven2/org/scala-sbt/librarymanagement-core_2.12/1.10.2/librarymanagement-core_2.12-1.10.2.jar: download error: Caught java.net.UnknownHostException (repo1.maven.org) while downloading https://repo1.maven.org/maven2/org/scala-sbt/librarymanagement-core_2.12/1.10.2/librarymanagement-core_2.12-1.10.2.jar
https://repo1.maven.org/maven2/org/scala-sbt/zinc-compile-core_2.12/1.10.4/zinc-compile-core_2.12-1.10.4.jar: download error: Caught java.net.UnknownHostException (repo1.maven.org) while downloading https://repo1.maven.org/maven2/org/scala-sbt/zinc-compile-core_2.12/1.10.4/zinc-compile-core_2.12-1.10.4.jar
https://repo1.maven.org/maven2/ch/epfl/scala/bloop-backend_2.12/2.0.5/bloop-backend_2.12-2.0.5.jar: download error: Caught java.net.UnknownHostException (repo1.maven.org) while downloading https://repo1.maven.org/maven2/ch/epfl/scala/bloop-backend_2.12/2.0.5/bloop-backend_2.12-2.0.5.jar
https://repo1.maven.org/maven2/org/scala-sbt/ivy/ivy/2.3.0-sbt-396a783bba347016e7fe30dacc60d355be607fe2/ivy-2.3.0-sbt-396a783bba347016e7fe30dacc60d355be607fe2.jar: download error: Caught java.net.UnknownHostException (repo1.maven.org) while downloading https://repo1.maven.org/maven2/org/scala-sbt/ivy/ivy/2.3.0-sbt-396a783bba347016e7fe30dacc60d355be607fe2/ivy-2.3.0-sbt-396a783bba347016e7fe30dacc60d355be607fe2.jar
https://repo1.maven.org/maven2/io/zipkin/reporter2/zipkin-sender-urlconnection/2.17.2/zipkin-sender-urlconnection-2.17.2.jar: download error: Caught java.net.UnknownHostException (repo1.maven.org) while downloading https://repo1.maven.org/maven2/io/zipkin/reporter2/zipkin-sender-urlconnection/2.17.2/zipkin-sender-urlconnection-2.17.2.jar
https://repo1.maven.org/maven2/org/scala-sbt/launcher-interface/1.4.4/launcher-interface-1.4.4.jar: download error: Caught java.net.UnknownHostException (repo1.maven.org) while downloading https://repo1.maven.org/maven2/org/scala-sbt/launcher-interface/1.4.4/launcher-interface-1.4.4.jar
https://repo1.maven.org/maven2/net/java/dev/jna/jna-platform/4.4.0/jna-platform-4.4.0.jar: download error: Caught java.net.UnknownHostException (repo1.maven.org) while downloading https://repo1.maven.org/maven2/net/java/dev/jna/jna-platform/4.4.0/jna-platform-4.4.0.jar
https://repo1.maven.org/maven2/org/jline/jline-native/3.27.1/jline-native-3.27.1.jar: download error: Caught java.net.UnknownHostException (repo1.maven.org) while downloading https://repo1.maven.org/maven2/org/jline/jline-native/3.27.1/jline-native-3.27.1.jar
https://repo1.maven.org/maven2/io/monix/monix-catnap_2.12/3.2.0/monix-catnap_2.12-3.2.0.jar: download error: Caught java.net.UnknownHostException (repo1.maven.org) while downloading https://repo1.maven.org/maven2/io/monix/monix-catnap_2.12/3.2.0/monix-catnap_2.12-3.2.0.jar
https://repo1.maven.org/maven2/io/monix/monix-java_2.12/3.2.0/monix-java_2.12-3.2.0.jar: download error: Caught java.net.UnknownHostException (repo1.maven.org) while downloading https://repo1.maven.org/maven2/io/monix/monix-java_2.12/3.2.0/monix-java_2.12-3.2.0.jar
https://repo1.maven.org/maven2/org/scala-sbt/sbinary_2.12/0.5.1/sbinary_2.12-0.5.1.jar: download error: Caught java.net.UnknownHostException (repo1.maven.org) while downloading https://repo1.maven.org/maven2/org/scala-sbt/sbinary_2.12/0.5.1/sbinary_2.12-0.5.1.jar
https://repo1.maven.org/maven2/org/scala-sbt/collections_2.12/1.10.4/collections_2.12-1.10.4.jar: download error: Caught java.net.UnknownHostException (repo1.maven.org) while downloading https://repo1.maven.org/maven2/org/scala-sbt/collections_2.12/1.10.4/collections_2.12-1.10.4.jar
https://repo1.maven.org/maven2/io/monix/monix-execution_2.12/3.2.0/monix-execution_2.12-3.2.0.jar: download error: Caught java.net.UnknownHostException (repo1.maven.org) while downloading https://repo1.maven.org/maven2/io/monix/monix-execution_2.12/3.2.0/monix-execution_2.12-3.2.0.jar
https://repo1.maven.org/maven2/org/scala-lang/modules/scala-xml_2.12/2.3.0/scala-xml_2.12-2.3.0.jar: download error: Caught java.net.UnknownHostException (repo1.maven.org) while downloading https://repo1.maven.org/maven2/org/scala-lang/modules/scala-xml_2.12/2.3.0/scala-xml_2.12-2.3.0.jar
https://repo1.maven.org/maven2/io/get-coursier/interface/1.0.22/interface-1.0.22.jar: download error: Caught java.net.UnknownHostException (repo1.maven.org) while downloading https://repo1.maven.org/maven2/io/get-coursier/interface/1.0.22/interface-1.0.22.jar
https://repo1.maven.org/maven2/com/lihaoyi/pprint_2.12/0.9.0/pprint_2.12-0.9.0.jar: download error: Caught java.net.UnknownHostException (repo1.maven.org) while downloading https://repo1.maven.org/maven2/com/lihaoyi/pprint_2.12/0.9.0/pprint_2.12-0.9.0.jar
https://repo1.maven.org/maven2/org/scala-sbt/compiler-bridge_2.12/1.10.4/compiler-bridge_2.12-1.10.4.jar: download error: Caught java.net.UnknownHostException (repo1.maven.org) while downloading https://repo1.maven.org/maven2/org/scala-sbt/compiler-bridge_2.12/1.10.4/compiler-bridge_2.12-1.10.4.jar
https://repo1.maven.org/maven2/org/scala-lang/modules/scala-collection-compat_2.12/2.12.0/scala-collection-compat_2.12-2.12.0.jar: download error: Caught java.net.UnknownHostException (repo1.maven.org) while downloading https://repo1.maven.org/maven2/org/scala-lang/modules/scala-collection-compat_2.12/2.12.0/scala-collection-compat_2.12-2.12.0.jar
https://repo1.maven.org/maven2/org/ow2/asm/asm-tree/9.7.1/asm-tree-9.7.1.jar: download error: Caught java.net.UnknownHostException (repo1.maven.org) while downloading https://repo1.maven.org/maven2/org/ow2/asm/asm-tree/9.7.1/asm-tree-9.7.1.jar
https://repo1.maven.org/maven2/ch/qos/logback/logback-core/1.5.12/logback-core-1.5.12.jar: download error: Caught java.net.UnknownHostException (repo1.maven.org) while downloading https://repo1.maven.org/maven2/ch/qos/logback/logback-core/1.5.12/logback-core-1.5.12.jar

  coursier.Artifacts$.$anonfun$fetchArtifacts$9(Artifacts.scala:365)
  coursier.util.Task$.$anonfun$flatMap$extension$1(Task.scala:14)
  coursier.util.Task$.$anonfun$flatMap$extension$1$adapted(Task.scala:14)
  coursier.util.Task$.wrap(Task.scala:82)
  coursier.util.Task$.$anonfun$flatMap$2(Task.scala:14)
  scala.concurrent.impl.Promise$Transformation.run(Promise.scala:470)
  java.base/java.util.concurrent.ThreadPoolExecutor.runWorker(ThreadPoolExecutor.java:1136)
  java.base/java.util.concurrent.ThreadPoolExecutor$Worker.run(ThreadPoolExecutor.java:635)
  java.base/java.lang.Thread.run(Thread.java:840)
coursier.cache.ArtifactError$DownloadError: download error: Caught java.net.UnknownHostException (repo1.maven.org) while downloading https://repo1.maven.org/maven2/org/scala-sbt/io_2.12/1.10.1/io_2.12-1.10.1.jar
  coursier.cache.internal.Downloader$.$anonfun$downloading$1(Downloader.scala:808)
  coursier.cache.internal.Retry.loop$1(Retry.scala:23)
  coursier.cache.internal.Retry.retryOpt(Retry.scala:39)
  coursier.cache.internal.Downloader$.coursier$cache$internal$Downloader$$downloading(Downloader.scala:812)
  coursier.cache.internal.Downloader$Blocking$.remote(Downloader.scala:428)
  coursier.cache.internal.Downloader.$anonfun$remote$6(Downloader.scala:546)
  scala.concurrent.Future$.$anonfun$apply$1(Future.scala:687)
  scala.concurrent.impl.Promise$Transformation.run(Promise.scala:467)
  java.base/java.util.concurrent.ThreadPoolExecutor.runWorker(ThreadPoolExecutor.java:1136)
  java.base/java.util.concurrent.ThreadPoolExecutor$Worker.run(ThreadPoolExecutor.java:635)
  java.base/java.lang.Thread.run(Thread.java:840)
java.net.UnknownHostException: repo1.maven.org
  java.base/sun.nio.ch.NioSocketImpl.connect(NioSocketImpl.java:572)
  java.base/java.net.SocksSocketImpl.connect(SocksSocketImpl.java:327)
  java.base/java.net.Socket.connect(Socket.java:633)
  java.base/sun.security.ssl.SSLSocketImpl.connect(SSLSocketImpl.java:304)
  java.base/sun.security.ssl.BaseSSLSocketImpl.connect(BaseSSLSocketImpl.java:174)
  java.base/sun.net.NetworkClient.doConnect(NetworkClient.java:183)
  java.base/sun.net.www.http.HttpClient.openServer(HttpClient.java:533)
  java.base/sun.net.www.http.HttpClient.openServer(HttpClient.java:638)
  java.base/sun.net.www.protocol.https.HttpsClient.<init>(HttpsClient.java:266)
  java.base/sun.net.www.protocol.https.HttpsClient.New(HttpsClient.java:380)
  java.base/sun.net.www.protocol.https.AbstractDelegateHttpsURLConnection.getNewHttpClient(AbstractDelegateHttpsURLConnection.java:193)
  java.base/sun.net.www.protocol.http.HttpURLConnection.plainConnect0(HttpURLConnection.java:1256)
  java.base/sun.net.www.protocol.http.HttpURLConnection.plainConnect(HttpURLConnection.java:1142)
  java.base/sun.net.www.protocol.https.AbstractDelegateHttpsURLConnection.connect(AbstractDelegateHttpsURLConnection.java:179)
  java.base/sun.net.www.protocol.http.HttpURLConnection.getInputStream0(HttpURLConnection.java:1701)
  java.base/sun.net.www.protocol.http.HttpURLConnection.getInputStream(HttpURLConnection.java:1625)
  java.base/java.net.HttpURLConnection.getResponseCode(HttpURLConnection.java:529)
  java.base/sun.net.www.protocol.https.HttpsURLConnectionImpl.getResponseCode(HttpsURLConnectionImpl.java:308)
  coursier.cache.CacheUrl$.redirectTo(CacheUrl.scala:178)
  coursier.cache.CacheUrl$.redirect(CacheUrl.scala:193)
  coursier.cache.CacheUrl$.urlConnectionMaybePartial(CacheUrl.scala:349)
  coursier.cache.ConnectionBuilder.connectionMaybePartial(ConnectionBuilder.scala:50)
  coursier.cache.internal.Downloader$Blocking$.doDownload(Downloader.scala:232)
  coursier.cache.internal.Downloader$Blocking$.$anonfun$remote$2(Downloader.scala:423)
  coursier.cache.CacheLocks$.loop$1(CacheLocks.scala:73)
  coursier.cache.CacheLocks$.withLockOr(CacheLocks.scala:93)
  coursier.cache.internal.Downloader$Blocking$.$anonfun$remote$1(Downloader.scala:426)
  coursier.cache.internal.Downloader$.$anonfun$downloading$2(Downloader.scala:776)
  coursier.cache.CacheLocks$.withUrlLock(CacheLocks.scala:112)
  coursier.cache.internal.Downloader$.$anonfun$downloading$1(Downloader.scala:776)
  coursier.cache.internal.Retry.loop$1(Retry.scala:23)
  coursier.cache.internal.Retry.retryOpt(Retry.scala:39)
  coursier.cache.internal.Downloader$.coursier$cache$internal$Downloader$$downloading(Downloader.scala:812)
  coursier.cache.internal.Downloader$Blocking$.remote(Downloader.scala:428)
  coursier.cache.internal.Downloader.$anonfun$remote$6(Downloader.scala:546)
  scala.concurrent.Future$.$anonfun$apply$1(Future.scala:687)
  scala.concurrent.impl.Promise$Transformation.run(Promise.scala:467)
  java.base/java.util.concurrent.ThreadPoolExecutor.runWorker(ThreadPoolExecutor.java:1136)
  java.base/java.util.concurrent.ThreadPoolExecutor$Worker.run(ThreadPoolExecutor.java:635)
  java.base/java.lang.Thread.run(Thread.java:840)
